Start testing: May 15 10:58 대한민국 표준시
----------------------------------------------------------
1/1 Testing: GildedRoseApprovalTest.AllCasesTogether
1/1 Test: GildedRoseApprovalTest.AllCasesTogether
Command: "C:/DEV/GlideRose_10/build/gilded_rose_approval_test.exe" "--gtest_filter=GildedRoseApprovalTest.AllCasesTogether" "--gtest_also_run_disabled_tests"
Directory: C:/DEV/GlideRose_10/build
"GildedRoseApprovalTest.AllCasesTogether" start time: May 15 10:58 대한민국 표준시
Output:
----------------------------------------------------------
Note: Google Test filter = GildedRoseApprovalTest.AllCasesTogether
[==========] Running 1 test from 1 test suite.
[----------] Global test environment set-up.
[----------] 1 test from GildedRoseApprovalTest
[ RUN      ] GildedRoseApprovalTest.AllCasesTogether
unknown file: Failure
C++ exception with description "Failed Approval: 
Received does not match approved 
Received : "C:\DEV\GlideRose_10\cpp\test\ApprovalTests.GildedRoseApprovalTest.AllCasesTogether.received.txt" 
Approved : "C:\DEV\GlideRose_10\cpp\test\ApprovalTests.GildedRoseApprovalTest.AllCasesTogether.approved.txt"" thrown in the test body.

[  FAILED  ] GildedRoseApprovalTest.AllCasesTogether (14 ms)
[----------] 1 test from GildedRoseApprovalTest (16 ms total)

[----------] Global test environment tear-down
[==========] 1 test from 1 test suite ran. (18 ms total)
[  PASSED  ] 0 tests.
[  FAILED  ] 1 test, listed below:
[  FAILED  ] GildedRoseApprovalTest.AllCasesTogether

 1 FAILED TEST
<end of output>
Test time =   0.05 sec
----------------------------------------------------------
Test Failed.
"GildedRoseApprovalTest.AllCasesTogether" end time: May 15 10:58 대한민국 표준시
"GildedRoseApprovalTest.AllCasesTogether" time elapsed: 00:00:00
----------------------------------------------------------

End testing: May 15 10:58 대한민국 표준시
