<?xml version="1.0" encoding="UTF-8"?>
<Site BuildName="(empty)"
	BuildStamp="20260513-0725-Experimental"
	Name="(empty)"
	Generator="ctest-4.3.2"
	CompilerName=""
	CompilerVersion=""
	OSName="Windows"
	Hostname="BOOK-NPHD9Q0AQ6"
	OSRelease="10.0.26200"
	OSVersion="Windows 10"
	OSPlatform="AMD64"
	Is64Bits="1"
	VendorString="AuthenticAMD"
	VendorID="Advanced Micro Devices"
	FamilyID="15"
	ModelID="0"
	ModelName="Virtual CPU @ 3.24GHz"
	ProcessorCacheSize="64"
	NumberOfLogicalCPU="8"
	NumberOfPhysicalCPU="8"
	TotalVirtualMemory="4380"
	TotalPhysicalMemory="15973"
	LogicalProcessorsPerPhysical="1"
	ProcessorClockFrequency="3244.000000"
	>
	<Testing>
		<StartDateTime>May 14 08:10 [NON-UTF-8-BYTE-0xB4][NON-UTF-8-BYTE-0xEB][NON-UTF-8-BYTE-0xC7]ѹα[NON-UTF-8-BYTE-0xB9] ǥ[NON-UTF-8-BYTE-0xC1]ؽ[NON-UTF-8-BYTE-0xC3]</StartDateTime>
		<StartTestTime>1778713824</StartTestTime>
		<TestList>
			<Test>./GildedRoseTest.BackstagePasses</Test>
		</TestList>
		<Test Status="passed">
			<Name>GildedRoseTest.BackstagePasses</Name>
			<Path>.</Path>
			<FullName>./GildedRoseTest.BackstagePasses</FullName>
			<FullCommandLine>C:\DEV\GlideRose_10\build\gilded_rose_test.exe "--gtest_filter=GildedRoseTest.BackstagePasses" "--gtest_also_run_disabled_tests"</FullCommandLine>
			<StartTestTime>1778713824.076801</StartTestTime>
			<Results>
				<NamedMeasurement type="numeric/double" name="Execution Time">
					<Value>0.028621</Value>
				</NamedMeasurement>
				<NamedMeasurement type="numeric/double" name="Processors">
					<Value>1</Value>
				</NamedMeasurement>
				<NamedMeasurement type="text/string" name="Completion Status">
					<Value>Completed</Value>
				</NamedMeasurement>
				<NamedMeasurement type="text/string" name="Command Line">
					<Value>C:\DEV\GlideRose_10\build\gilded_rose_test.exe "--gtest_filter=GildedRoseTest.BackstagePasses" "--gtest_also_run_disabled_tests"</Value>
				</NamedMeasurement>
				<NamedMeasurement type="text/string" name="Environment">
					<Value>#CTEST_RESOURCE_GROUP_COUNT=</Value>
				</NamedMeasurement>
				<Measurement>
					<Value encoding="base64" compression="gzip">eJyNkE1rwzAMhu/+FTomh4Rmx0IP21pyKHQl3XaJQ3BjNZg5drGV7e8vTkpJB6PVSR8Pr16p6I1RpoVOKBPFcHK2g9clX28+ea6VxMJ6rLMFP/ZKS15LPHveWttqJPSUeNfMSj6WIauDXto0bGcJl5CPCLwPEzgpTehgBfmgiDIsCP30RTRfnkSLe+E9elaurlFBcbGZAY0aweYl970iTFmZXKOCXNuj0NMczbdy1nRoBhYp6c9/4LnmrSdWQvGxgzGqu34nDt62d1mIFtD5+FEbEGUDDmRJ6Jg9dimhcIm0P+b2j//9D5wwKURPsz3DPfvnw2GzDrdPbMp+Ado2tiA=</Value>
				</Measurement>
			</Results>
		</Test>
		<EndDateTime>May 14 08:10 [NON-UTF-8-BYTE-0xB4][NON-UTF-8-BYTE-0xEB][NON-UTF-8-BYTE-0xC7]ѹα[NON-UTF-8-BYTE-0xB9] ǥ[NON-UTF-8-BYTE-0xC1]ؽ[NON-UTF-8-BYTE-0xC3]</EndDateTime>
		<EndTestTime>1778713824</EndTestTime>
		<ElapsedMinutes>0</ElapsedMinutes>
	</Testing>
</Site>
